<?xml version="1.0" encoding="UTF-8"?>
<!-- Generated by org.testng.reporters.JUnitXMLReporter -->
<testsuite hostname="LAPTOP-3LM0TE9V" name="MTMTest" tests="3" failures="0" timestamp="24 Apr 2019 16:20:43 GMT" time="60.28" errors="0">
  <testcase name="searchMyFlight" time="12.041" classname="com.mytrip.qa.tests.SearchPageTest"/>
  <testcase name="searchMyFlight" time="10.992" classname="com.mytrip.qa.tests.SearchPageTest"/>
  <testcase name="searchMyFlight" time="11.424" classname="com.mytrip.qa.tests.SearchPageTest"/>
</testsuite> <!-- MTMTest -->
