<?xml version="1.0" encoding="UTF-8"?>
<!-- Generated by org.testng.reporters.JUnitXMLReporter -->
<testsuite hostname="LAPTOP-3LM0TE9V" name="MTMTest" tests="3" failures="0" timestamp="24 Apr 2019 16:27:45 GMT" time="61.111" errors="0">
  <testcase name="searchMyFlight" time="13.52" classname="com.mytrip.qa.tests.SearchPageTest"/>
  <testcase name="searchMyFlight" time="11.261" classname="com.mytrip.qa.tests.SearchPageTest"/>
  <testcase name="searchMyFlight" time="11.97" classname="com.mytrip.qa.tests.SearchPageTest"/>
</testsuite> <!-- MTMTest -->
