<?xml version="1.0" encoding="UTF-8"?>
<testng-results skipped="0" failed="0" total="2" passed="2">
  <reporter-output>
  </reporter-output>
  <suite name="Default suite" duration-ms="45527" started-at="2019-04-28T14:56:33Z" finished-at="2019-04-28T14:57:19Z">
    <groups>
      <group name="makemytripgrp">
        <method signature="SearchPageTest.searchMyFlight(int, int)[pri:0, instance:com.mytrip.qa.tests.SearchPageTest@1f7030a6]" name="searchMyFlight" class="com.mytrip.qa.tests.SearchPageTest"/>
      </group> <!-- makemytripgrp -->
    </groups>
    <test name="Default test" duration-ms="45527" started-at="2019-04-28T14:56:33Z" finished-at="2019-04-28T14:57:19Z">
      <class name="com.mytrip.qa.tests.SearchPageTest">
        <test-method status="PASS" signature="ConfigFileRead()[pri:0, instance:com.mytrip.qa.tests.SearchPageTest@1f7030a6]" name="ConfigFileRead" is-config="true" duration-ms="6" started-at="2019-04-29T00:56:33Z" finished-at="2019-04-29T00:56:33Z">
          <reporter-output>
          </reporter-output>
        </test-method> <!-- ConfigFileRead -->
        <test-method status="PASS" signature="initBrowser()[pri:0, instance:com.mytrip.qa.tests.SearchPageTest@1f7030a6]" name="initBrowser" is-config="true" duration-ms="6876" started-at="2019-04-29T00:56:34Z" finished-at="2019-04-29T00:56:40Z">
          <reporter-output>
          </reporter-output>
        </test-method> <!-- initBrowser -->
        <test-method status="PASS" signature="searchMyFlight(int, int)[pri:0, instance:com.mytrip.qa.tests.SearchPageTest@1f7030a6]" name="searchMyFlight" duration-ms="14340" started-at="2019-04-29T00:56:40Z" data-provider="filldata" finished-at="2019-04-29T00:56:55Z">
          <params>
            <param index="0">
              <value>
                <![CDATA[0]]>
              </value>
            </param>
            <param index="1">
              <value>
                <![CDATA[0]]>
              </value>
            </param>
          </params>
          <reporter-output>
          </reporter-output>
        </test-method> <!-- searchMyFlight -->
        <test-method status="PASS" signature="tearDown(org.testng.ITestResult)[pri:0, instance:com.mytrip.qa.tests.SearchPageTest@1f7030a6]" name="tearDown" is-config="true" duration-ms="2511" started-at="2019-04-29T00:56:55Z" finished-at="2019-04-29T00:56:57Z">
          <params>
            <param index="0">
              <value>
                <![CDATA[[TestResult name=searchMyFlight status=SUCCESS method=SearchPageTest.searchMyFlight(int, int)[pri:0, instance:com.mytrip.qa.tests.SearchPageTest@1f7030a6] output={null}]]]>
              </value>
            </param>
          </params>
          <reporter-output>
          </reporter-output>
        </test-method> <!-- tearDown -->
        <test-method status="PASS" signature="initBrowser()[pri:0, instance:com.mytrip.qa.tests.SearchPageTest@1f7030a6]" name="initBrowser" is-config="true" duration-ms="6087" started-at="2019-04-29T00:56:57Z" finished-at="2019-04-29T00:57:03Z">
          <reporter-output>
          </reporter-output>
        </test-method> <!-- initBrowser -->
        <test-method status="PASS" signature="searchMyFlight(int, int)[pri:0, instance:com.mytrip.qa.tests.SearchPageTest@1f7030a6]" name="searchMyFlight" duration-ms="12949" started-at="2019-04-29T00:57:03Z" data-provider="filldata" finished-at="2019-04-29T00:57:16Z">
          <params>
            <param index="0">
              <value>
                <![CDATA[2]]>
              </value>
            </param>
            <param index="1">
              <value>
                <![CDATA[4]]>
              </value>
            </param>
          </params>
          <reporter-output>
          </reporter-output>
        </test-method> <!-- searchMyFlight -->
        <test-method status="PASS" signature="tearDown(org.testng.ITestResult)[pri:0, instance:com.mytrip.qa.tests.SearchPageTest@1f7030a6]" name="tearDown" is-config="true" duration-ms="2369" started-at="2019-04-29T00:57:16Z" finished-at="2019-04-29T00:57:19Z">
          <params>
            <param index="0">
              <value>
                <![CDATA[[TestResult name=searchMyFlight status=SUCCESS method=SearchPageTest.searchMyFlight(int, int)[pri:0, instance:com.mytrip.qa.tests.SearchPageTest@1f7030a6] output={null}]]]>
              </value>
            </param>
          </params>
          <reporter-output>
          </reporter-output>
        </test-method> <!-- tearDown -->
      </class> <!-- com.mytrip.qa.tests.SearchPageTest -->
    </test> <!-- Default test -->
  </suite> <!-- Default suite -->
</testng-results>
